mode: atomic
github.com/yomorun/go-openai/internal/test/checks/checks.go:8.58,10.16 2 1
github.com/yomorun/go-openai/internal/test/checks/checks.go:10.16,12.3 1 0
github.com/yomorun/go-openai/internal/test/checks/checks.go:15.59,17.16 2 1
github.com/yomorun/go-openai/internal/test/checks/checks.go:17.16,19.3 1 0
github.com/yomorun/go-openai/internal/test/checks/checks.go:22.59,24.16 2 1
github.com/yomorun/go-openai/internal/test/checks/checks.go:24.16,26.3 1 0
github.com/yomorun/go-openai/internal/test/checks/checks.go:29.62,31.29 2 1
github.com/yomorun/go-openai/internal/test/checks/checks.go:31.29,33.3 1 0
github.com/yomorun/go-openai/internal/test/checks/checks.go:36.78,38.29 2 1
github.com/yomorun/go-openai/internal/test/checks/checks.go:38.29,40.3 1 0
github.com/yomorun/go-openai/internal/test/checks/checks.go:43.65,45.28 2 1
github.com/yomorun/go-openai/internal/test/checks/checks.go:45.28,47.3 1 0
github.com/yomorun/go-openai/internal/test/checks/checks.go:50.81,52.28 2 1
github.com/yomorun/go-openai/internal/test/checks/checks.go:52.28,54.3 1 0
github.com/yomorun/go-openai/internal/error_accumulator.go:24.45,28.2 1 2
github.com/yomorun/go-openai/internal/error_accumulator.go:30.57,32.16 2 3
github.com/yomorun/go-openai/internal/error_accumulator.go:32.16,34.3 1 1
github.com/yomorun/go-openai/internal/error_accumulator.go:35.2,35.12 1 2
github.com/yomorun/go-openai/internal/error_accumulator.go:38.61,39.25 1 2
github.com/yomorun/go-openai/internal/error_accumulator.go:39.25,41.3 1 1
github.com/yomorun/go-openai/internal/error_accumulator.go:42.2,43.8 2 1
github.com/yomorun/go-openai/internal/form_builder.go:25.57,29.2 1 11
github.com/yomorun/go-openai/internal/form_builder.go:31.85,33.2 1 2
github.com/yomorun/go-openai/internal/form_builder.go:37.36,39.2 1 8
github.com/yomorun/go-openai/internal/form_builder.go:43.106,44.20 1 4
github.com/yomorun/go-openai/internal/form_builder.go:44.20,45.50 1 3
github.com/yomorun/go-openai/internal/form_builder.go:45.50,47.4 1 1
github.com/yomorun/go-openai/internal/form_builder.go:49.2,50.56 2 4
github.com/yomorun/go-openai/internal/form_builder.go:50.56,52.3 1 1
github.com/yomorun/go-openai/internal/form_builder.go:54.2,64.23 3 4
github.com/yomorun/go-openai/internal/form_builder.go:64.23,66.3 1 1
github.com/yomorun/go-openai/internal/form_builder.go:68.2,69.16 2 4
github.com/yomorun/go-openai/internal/form_builder.go:69.16,71.3 1 1
github.com/yomorun/go-openai/internal/form_builder.go:73.2,74.16 2 3
github.com/yomorun/go-openai/internal/form_builder.go:74.16,76.3 1 1
github.com/yomorun/go-openai/internal/form_builder.go:78.2,78.12 1 2
github.com/yomorun/go-openai/internal/form_builder.go:81.100,82.20 1 5
github.com/yomorun/go-openai/internal/form_builder.go:82.20,84.3 1 1
github.com/yomorun/go-openai/internal/form_builder.go:86.2,87.16 2 4
github.com/yomorun/go-openai/internal/form_builder.go:87.16,89.3 1 2
github.com/yomorun/go-openai/internal/form_builder.go:91.2,92.16 2 2
github.com/yomorun/go-openai/internal/form_builder.go:92.16,94.3 1 1
github.com/yomorun/go-openai/internal/form_builder.go:96.2,96.12 1 1
github.com/yomorun/go-openai/internal/form_builder.go:99.73,100.21 1 2
github.com/yomorun/go-openai/internal/form_builder.go:100.21,102.3 1 1
github.com/yomorun/go-openai/internal/form_builder.go:103.2,103.47 1 1
github.com/yomorun/go-openai/internal/form_builder.go:106.45,108.2 1 1
github.com/yomorun/go-openai/internal/form_builder.go:110.60,112.2 1 1
github.com/yomorun/go-openai/internal/marshaller.go:13.62,15.2 1 5
github.com/yomorun/go-openai/internal/request_builder.go:18.46,22.2 1 4
github.com/yomorun/go-openai/internal/request_builder.go:30.34,32.17 2 5
github.com/yomorun/go-openai/internal/request_builder.go:32.17,33.36 1 3
github.com/yomorun/go-openai/internal/request_builder.go:33.36,35.4 1 1
github.com/yomorun/go-openai/internal/request_builder.go:35.9,38.18 3 2
github.com/yomorun/go-openai/internal/request_builder.go:38.18,40.5 1 1
github.com/yomorun/go-openai/internal/request_builder.go:41.4,41.42 1 1
github.com/yomorun/go-openai/internal/request_builder.go:44.2,45.16 2 4
github.com/yomorun/go-openai/internal/request_builder.go:45.16,47.3 1 1
github.com/yomorun/go-openai/internal/request_builder.go:48.2,48.19 1 3
github.com/yomorun/go-openai/internal/request_builder.go:48.19,50.3 1 1
github.com/yomorun/go-openai/internal/request_builder.go:51.2,51.8 1 3
github.com/yomorun/go-openai/internal/unmarshaler.go:13.64,15.2 1 3
github.com/yomorun/go-openai/internal/test/failer.go:11.65,13.2 1 1
github.com/yomorun/go-openai/internal/test/failer.go:15.40,17.2 1 1
github.com/yomorun/go-openai/internal/test/failer.go:19.45,21.2 1 1
github.com/yomorun/go-openai/internal/test/helpers.go:12.48,16.52 3 1
github.com/yomorun/go-openai/internal/test/helpers.go:16.52,18.3 1 0
github.com/yomorun/go-openai/internal/test/helpers.go:19.2,19.14 1 1
github.com/yomorun/go-openai/internal/test/helpers.go:40.82,43.2 2 3
github.com/yomorun/go-openai/internal/test/server.go:13.28,15.2 1 8
github.com/yomorun/go-openai/internal/test/server.go:22.34,24.2 1 3
github.com/yomorun/go-openai/internal/test/server.go:27.42,29.2 1 1
github.com/yomorun/go-openai/internal/test/server.go:32.52,36.2 3 1
github.com/yomorun/go-openai/internal/test/server.go:38.69,43.2 2 2
github.com/yomorun/go-openai/internal/test/server.go:46.59,47.99 1 1
github.com/yomorun/go-openai/internal/test/server.go:47.99,51.109 2 3
github.com/yomorun/go-openai/internal/test/server.go:51.109,54.4 2 1
github.com/yomorun/go-openai/internal/test/server.go:58.3,58.43 1 2
github.com/yomorun/go-openai/internal/test/server.go:58.43,61.39 2 2
github.com/yomorun/go-openai/internal/test/server.go:61.39,64.5 2 1
github.com/yomorun/go-openai/internal/test/server.go:66.3,66.72 1 1
github.com/yomorun/go-openai/jsonschema/json.go:58.52,59.25 1 53
github.com/yomorun/go-openai/jsonschema/json.go:59.25,61.3 1 8
github.com/yomorun/go-openai/jsonschema/json.go:62.2,67.4 2 53
github.com/yomorun/go-openai/jsonschema/json.go:70.61,72.2 1 4
github.com/yomorun/go-openai/jsonschema/json.go:74.56,77.16 3 19
github.com/yomorun/go-openai/jsonschema/json.go:77.16,79.3 1 4
github.com/yomorun/go-openai/jsonschema/json.go:87.2,87.19 1 15
github.com/yomorun/go-openai/jsonschema/json.go:87.19,90.32 3 5
github.com/yomorun/go-openai/jsonschema/json.go:90.32,93.34 3 5
github.com/yomorun/go-openai/jsonschema/json.go:93.34,96.5 2 3
github.com/yomorun/go-openai/jsonschema/json.go:97.4,97.15 1 5
github.com/yomorun/go-openai/jsonschema/json.go:99.3,99.15 1 5
github.com/yomorun/go-openai/jsonschema/json.go:101.2,102.17 2 15
github.com/yomorun/go-openai/jsonschema/json.go:105.85,107.18 2 72
github.com/yomorun/go-openai/jsonschema/json.go:108.22,109.18 1 19
github.com/yomorun/go-openai/jsonschema/json.go:111.79,112.19 1 5
github.com/yomorun/go-openai/jsonschema/json.go:113.40,114.18 1 2
github.com/yomorun/go-openai/jsonschema/json.go:115.20,116.19 1 1
github.com/yomorun/go-openai/jsonschema/json.go:117.36,120.17 3 9
github.com/yomorun/go-openai/jsonschema/json.go:120.17,122.4 1 1
github.com/yomorun/go-openai/jsonschema/json.go:123.3,123.18 1 8
github.com/yomorun/go-openai/jsonschema/json.go:124.22,125.21 1 28
github.com/yomorun/go-openai/jsonschema/json.go:125.21,126.36 1 17
github.com/yomorun/go-openai/jsonschema/json.go:126.36,129.19 3 12
github.com/yomorun/go-openai/jsonschema/json.go:129.19,131.6 1 2
github.com/yomorun/go-openai/jsonschema/json.go:132.5,132.29 1 10
github.com/yomorun/go-openai/jsonschema/json.go:134.4,134.55 1 15
github.com/yomorun/go-openai/jsonschema/json.go:136.3,139.17 4 11
github.com/yomorun/go-openai/jsonschema/json.go:139.17,141.4 1 0
github.com/yomorun/go-openai/jsonschema/json.go:142.3,142.14 1 11
github.com/yomorun/go-openai/jsonschema/json.go:143.19,145.17 2 4
github.com/yomorun/go-openai/jsonschema/json.go:145.17,147.4 1 1
github.com/yomorun/go-openai/jsonschema/json.go:148.3,148.18 1 3
github.com/yomorun/go-openai/jsonschema/json.go:151.25,152.68 1 4
github.com/yomorun/go-openai/jsonschema/json.go:153.10,153.10 0 0
github.com/yomorun/go-openai/jsonschema/json.go:155.2,155.16 1 49
github.com/yomorun/go-openai/jsonschema/json.go:158.91,165.36 4 23
github.com/yomorun/go-openai/jsonschema/json.go:165.36,167.26 2 41
github.com/yomorun/go-openai/jsonschema/json.go:167.26,168.12 1 0
github.com/yomorun/go-openai/jsonschema/json.go:170.3,172.10 3 41
github.com/yomorun/go-openai/jsonschema/json.go:173.23,174.12 1 1
github.com/yomorun/go-openai/jsonschema/json.go:175.22,176.24 1 2
github.com/yomorun/go-openai/jsonschema/json.go:177.49,179.20 2 15
github.com/yomorun/go-openai/jsonschema/json.go:182.3,183.17 2 40
github.com/yomorun/go-openai/jsonschema/json.go:183.17,185.4 1 2
github.com/yomorun/go-openai/jsonschema/json.go:186.3,187.24 2 38
github.com/yomorun/go-openai/jsonschema/json.go:187.24,189.4 1 5
github.com/yomorun/go-openai/jsonschema/json.go:190.3,191.17 2 38
github.com/yomorun/go-openai/jsonschema/json.go:191.17,193.4 1 1
github.com/yomorun/go-openai/jsonschema/json.go:195.3,195.46 1 38
github.com/yomorun/go-openai/jsonschema/json.go:195.46,198.4 2 1
github.com/yomorun/go-openai/jsonschema/json.go:200.3,202.46 2 38
github.com/yomorun/go-openai/jsonschema/json.go:202.46,204.4 1 5
github.com/yomorun/go-openai/jsonschema/json.go:205.3,205.15 1 38
github.com/yomorun/go-openai/jsonschema/json.go:205.15,207.4 1 22
github.com/yomorun/go-openai/jsonschema/json.go:209.2,211.16 3 21
github.com/yomorun/go-openai/jsonschema/json.go:214.57,215.26 1 23
github.com/yomorun/go-openai/jsonschema/json.go:215.26,217.3 1 3
github.com/yomorun/go-openai/jsonschema/json.go:219.2,219.29 1 20
github.com/yomorun/go-openai/jsonschema/json.go:219.29,220.32 1 3
github.com/yomorun/go-openai/jsonschema/json.go:220.32,222.4 1 1
github.com/yomorun/go-openai/jsonschema/json.go:225.2,225.38 1 19
github.com/yomorun/go-openai/jsonschema/json.go:225.38,226.35 1 13
github.com/yomorun/go-openai/jsonschema/json.go:226.35,228.4 1 3
github.com/yomorun/go-openai/jsonschema/json.go:231.2,231.60 1 16
github.com/yomorun/go-openai/jsonschema/json.go:231.60,233.3 1 2
github.com/yomorun/go-openai/jsonschema/json.go:234.2,234.14 1 14
github.com/yomorun/go-openai/jsonschema/validate.go:8.56,12.2 3 28
github.com/yomorun/go-openai/jsonschema/validate.go:14.88,15.29 1 94
github.com/yomorun/go-openai/jsonschema/validate.go:15.29,19.3 3 9
github.com/yomorun/go-openai/jsonschema/validate.go:20.2,20.37 1 94
github.com/yomorun/go-openai/jsonschema/validate.go:20.37,22.3 1 47
github.com/yomorun/go-openai/jsonschema/validate.go:23.2,23.22 1 94
github.com/yomorun/go-openai/jsonschema/validate.go:23.22,25.3 1 10
github.com/yomorun/go-openai/jsonschema/validate.go:28.79,31.16 3 8
github.com/yomorun/go-openai/jsonschema/validate.go:31.16,33.3 1 1
github.com/yomorun/go-openai/jsonschema/validate.go:34.2,34.60 1 7
github.com/yomorun/go-openai/jsonschema/validate.go:34.60,36.3 1 3
github.com/yomorun/go-openai/jsonschema/validate.go:37.2,37.36 1 4
github.com/yomorun/go-openai/jsonschema/validate.go:46.58,47.36 1 48
github.com/yomorun/go-openai/jsonschema/validate.go:47.36,49.3 1 48
github.com/yomorun/go-openai/jsonschema/validate.go:52.73,54.27 2 68
github.com/yomorun/go-openai/jsonschema/validate.go:54.27,56.3 1 48
github.com/yomorun/go-openai/jsonschema/validate.go:57.2,57.20 1 68
github.com/yomorun/go-openai/jsonschema/validate.go:57.20,59.3 1 20
github.com/yomorun/go-openai/jsonschema/validate.go:60.2,60.21 1 68
github.com/yomorun/go-openai/jsonschema/validate.go:61.14,62.49 1 15
github.com/yomorun/go-openai/jsonschema/validate.go:63.13,64.48 1 6
github.com/yomorun/go-openai/jsonschema/validate.go:65.14,67.33 2 17
github.com/yomorun/go-openai/jsonschema/validate.go:67.33,69.4 1 2
github.com/yomorun/go-openai/jsonschema/validate.go:70.3,70.12 1 15
github.com/yomorun/go-openai/jsonschema/validate.go:71.14,73.10 2 8
github.com/yomorun/go-openai/jsonschema/validate.go:73.10,75.4 1 5
github.com/yomorun/go-openai/jsonschema/validate.go:76.3,76.12 1 8
github.com/yomorun/go-openai/jsonschema/validate.go:77.15,79.12 2 3
github.com/yomorun/go-openai/jsonschema/validate.go:80.15,82.36 1 12
github.com/yomorun/go-openai/jsonschema/validate.go:82.36,84.4 1 4
github.com/yomorun/go-openai/jsonschema/validate.go:85.3,86.12 2 8
github.com/yomorun/go-openai/jsonschema/validate.go:87.12,88.21 1 2
github.com/yomorun/go-openai/jsonschema/validate.go:89.10,90.43 1 5
github.com/yomorun/go-openai/jsonschema/validate.go:90.43,91.42 1 5
github.com/yomorun/go-openai/jsonschema/validate.go:91.42,93.5 1 4
github.com/yomorun/go-openai/jsonschema/validate.go:95.3,95.15 1 1
github.com/yomorun/go-openai/jsonschema/validate.go:99.83,101.9 2 15
github.com/yomorun/go-openai/jsonschema/validate.go:101.9,103.3 1 1
github.com/yomorun/go-openai/jsonschema/validate.go:104.2,104.40 1 14
github.com/yomorun/go-openai/jsonschema/validate.go:104.40,105.43 1 18
github.com/yomorun/go-openai/jsonschema/validate.go:105.43,107.4 1 2
github.com/yomorun/go-openai/jsonschema/validate.go:109.2,109.50 1 12
github.com/yomorun/go-openai/jsonschema/validate.go:109.50,111.62 2 24
github.com/yomorun/go-openai/jsonschema/validate.go:111.62,113.4 1 4
github.com/yomorun/go-openai/jsonschema/validate.go:113.9,113.55 1 20
github.com/yomorun/go-openai/jsonschema/validate.go:113.55,115.4 1 0
github.com/yomorun/go-openai/jsonschema/validate.go:117.2,117.13 1 8
github.com/yomorun/go-openai/jsonschema/validate.go:120.82,122.9 2 6
github.com/yomorun/go-openai/jsonschema/validate.go:122.9,124.3 1 1
github.com/yomorun/go-openai/jsonschema/validate.go:125.2,125.33 1 5
github.com/yomorun/go-openai/jsonschema/validate.go:125.33,126.53 1 13
github.com/yomorun/go-openai/jsonschema/validate.go:126.53,128.4 1 2
github.com/yomorun/go-openai/jsonschema/validate.go:130.2,130.13 1 3
github.com/yomorun/go-openai/jsonschema/validate.go:133.52,134.19 1 3
github.com/yomorun/go-openai/jsonschema/validate.go:134.19,135.16 1 8
github.com/yomorun/go-openai/jsonschema/validate.go:135.16,137.4 1 1
github.com/yomorun/go-openai/jsonschema/validate.go:139.2,139.14 1 2
